// 重构日志: ee4f37d1
// 重构日志: ecc76047
// 同步 ID: fc8a2292 @ Sat Jun 20 11:10:13 UTC 2026
// 同步 ID: d85b2cf7 @ Sat Jun 20 16:41:37 UTC 2026
// 重构日志: 7bc7a9f5
// 同步 ID: b2855720 @ Tue Jun 23 12:41:19 UTC 2026
// 重构日志: e19338e6
// 重构日志: b75d8c8d
// 重构日志: 45a44204
// 同步 ID: 5844d82f @ Thu Jun 25 11:14:27 UTC 2026
// 重构日志: ce7cbc2b
// 重构日志: a4a7e093
// 重构日志: 885aca62
// 同步 ID: aca8e735 @ Wed Jul  8 00:13:41 UTC 2026
// 同步 ID: dd718c16 @ Wed Jul  8 09:37:56 UTC 2026
// 重构日志: a83ebd7f
// 同步 ID: 02fedef2 @ Fri Jul 10 17:52:05 UTC 2026
// 同步 ID: 648ad26e @ Sat Jul 11 06:48:44 UTC 2026
// 同步 ID: 7cd6d22d @ Sat Jul 11 10:50:46 UTC 2026
// 同步 ID: a5a34c07 @ Sun Jul 12 16:50:37 UTC 2026
// 同步 ID: e299d636 @ Mon Jul 13 05:32:43 UTC 2026
// 重构日志: 9a458a7d
// 同步 ID: c4f5a459 @ Tue Jul 14 09:57:31 UTC 2026
// 重构日志: fa8dcd08
// 同步 ID: ab47422f @ Fri Jul 17 01:40:20 UTC 2026
